<?xml version="1.0" encoding="UTF-8"?>
<!-- Generated by org.testng.reporters.JUnitXMLReporter -->
<testsuite ignored="0" hostname="IN-PG02P5XG" failures="0" tests="20" name="Functional" time="0.115" errors="0" timestamp="2023-01-09T12:17:18 IST">
  <testcase classname="flipkart.Pages.BasePage" name="@BeforeMethod setup" time="0.011">
    <failure type="java.lang.NoClassDefFoundError" message="Com/JarUtils/ReadingPropertiesFile">
      <![CDATA[java.lang.NoClassDefFoundError: Com/JarUtils/ReadingPropertiesFile
at flipkart.Pages.BasePage.setup(BasePage.java:41)
at java.base/java.util.ArrayList.forEach(ArrayList.java:1540)
Caused by: java.lang.ClassNotFoundException: Com.JarUtils.ReadingPropertiesFile
at java.base/jdk.internal.loader.BuiltinClassLoader.loadClass(BuiltinClassLoader.java:581)
at java.base/jdk.internal.loader.ClassLoaders$AppClassLoader.loadClass(ClassLoaders.java:178)
at java.base/java.lang.ClassLoader.loadClass(ClassLoader.java:521)
... 37 more
... Removed 35 stack frames]]>
    </failure>
  </testcase> <!-- @BeforeMethod setup -->
  <testcase classname="flipkart.Pages.BasePage" name="@AfterMethod status" time="0.0">
    <skipped/>
  </testcase> <!-- @AfterMethod status -->
  <testcase classname="flipkart.Pages.BasePage" name="@BeforeMethod setup" time="0.0">
    <skipped/>
  </testcase> <!-- @BeforeMethod setup -->
  <testcase classname="flipkart.Pages.BasePage" name="@AfterMethod status" time="0.0">
    <skipped/>
  </testcase> <!-- @AfterMethod status -->
  <testcase classname="flipkart.Pages.BasePage" name="@BeforeMethod setup" time="0.0">
    <failure type="java.lang.NoClassDefFoundError" message="Com/JarUtils/ReadingPropertiesFile">
      <![CDATA[java.lang.NoClassDefFoundError: Com/JarUtils/ReadingPropertiesFile
at flipkart.Pages.BasePage.setup(BasePage.java:41)
at java.base/java.util.ArrayList.forEach(ArrayList.java:1540)
... Removed 35 stack frames]]>
    </failure>
  </testcase> <!-- @BeforeMethod setup -->
  <testcase classname="flipkart.Pages.BasePage" name="@AfterMethod status" time="0.0">
    <skipped/>
  </testcase> <!-- @AfterMethod status -->
  <testcase classname="flipkart.Pages.BasePage" name="@BeforeMethod setup" time="0.0">
    <failure type="java.lang.NoClassDefFoundError" message="Com/JarUtils/ReadingPropertiesFile">
      <![CDATA[java.lang.NoClassDefFoundError: Com/JarUtils/ReadingPropertiesFile
at flipkart.Pages.BasePage.setup(BasePage.java:41)
at java.base/java.util.ArrayList.forEach(ArrayList.java:1540)
... Removed 35 stack frames]]>
    </failure>
  </testcase> <!-- @BeforeMethod setup -->
  <testcase classname="flipkart.Pages.BasePage" name="@AfterMethod status" time="0.0">
    <skipped/>
  </testcase> <!-- @AfterMethod status -->
  <testcase classname="flipkart.Pages.BasePage" name="@BeforeMethod setup" time="0.0">
    <skipped/>
  </testcase> <!-- @BeforeMethod setup -->
  <testcase classname="flipkart.Pages.BasePage" name="@AfterMethod status" time="0.0">
    <skipped/>
  </testcase> <!-- @AfterMethod status -->
  <testcase classname="flipkart.Pages.BasePage" name="@BeforeMethod setup" time="0.0">
    <skipped/>
  </testcase> <!-- @BeforeMethod setup -->
  <testcase classname="flipkart.Pages.BasePage" name="@AfterMethod status" time="0.0">
    <skipped/>
  </testcase> <!-- @AfterMethod status -->
  <testcase classname="flipkart.Pages.BasePage" name="@BeforeMethod setup" time="0.001">
    <failure type="java.lang.NoClassDefFoundError" message="Com/JarUtils/ReadingPropertiesFile">
      <![CDATA[java.lang.NoClassDefFoundError: Com/JarUtils/ReadingPropertiesFile
at flipkart.Pages.BasePage.setup(BasePage.java:41)
at java.base/java.util.ArrayList.forEach(ArrayList.java:1540)
... Removed 35 stack frames]]>
    </failure>
  </testcase> <!-- @BeforeMethod setup -->
  <testcase classname="flipkart.Pages.BasePage" name="@AfterMethod status" time="0.0">
    <skipped/>
  </testcase> <!-- @AfterMethod status -->
  <testcase classname="flipkart.Pages.BasePage" name="@BeforeMethod setup" time="0.0">
    <skipped/>
  </testcase> <!-- @BeforeMethod setup -->
  <testcase classname="flipkart.Pages.BasePage" name="@AfterMethod status" time="0.0">
    <skipped/>
  </testcase> <!-- @AfterMethod status -->
  <testcase classname="flipkart.Pages.BasePage" name="@BeforeMethod setup" time="0.0">
    <failure type="java.lang.NoClassDefFoundError" message="Com/JarUtils/ReadingPropertiesFile">
      <![CDATA[java.lang.NoClassDefFoundError: Com/JarUtils/ReadingPropertiesFile
at flipkart.Pages.BasePage.setup(BasePage.java:41)
at java.base/java.util.ArrayList.forEach(ArrayList.java:1540)
... Removed 35 stack frames]]>
    </failure>
  </testcase> <!-- @BeforeMethod setup -->
  <testcase classname="flipkart.Pages.BasePage" name="@AfterMethod status" time="0.0">
    <skipped/>
  </testcase> <!-- @AfterMethod status -->
  <testcase classname="flipkart.Pages.BasePage" name="@BeforeMethod setup" time="0.0">
    <failure type="java.lang.NoClassDefFoundError" message="Com/JarUtils/ReadingPropertiesFile">
      <![CDATA[java.lang.NoClassDefFoundError: Com/JarUtils/ReadingPropertiesFile
at flipkart.Pages.BasePage.setup(BasePage.java:41)
at java.base/java.util.ArrayList.forEach(ArrayList.java:1540)
... Removed 35 stack frames]]>
    </failure>
  </testcase> <!-- @BeforeMethod setup -->
  <testcase classname="flipkart.Pages.BasePage" name="@AfterMethod status" time="0.0">
    <skipped/>
  </testcase> <!-- @AfterMethod status -->
  <testcase classname="flipkart.Pages.BasePage" name="@BeforeMethod setup" time="0.0">
    <failure type="java.lang.NoClassDefFoundError" message="Com/JarUtils/ReadingPropertiesFile">
      <![CDATA[java.lang.NoClassDefFoundError: Com/JarUtils/ReadingPropertiesFile
at flipkart.Pages.BasePage.setup(BasePage.java:41)
at java.base/java.util.ArrayList.forEach(ArrayList.java:1540)
... Removed 35 stack frames]]>
    </failure>
  </testcase> <!-- @BeforeMethod setup -->
  <testcase classname="flipkart.Pages.BasePage" name="@AfterMethod status" time="0.0">
    <skipped/>
  </testcase> <!-- @AfterMethod status -->
  <testcase classname="flipkart.Pages.BasePage" name="@BeforeMethod setup" time="0.0">
    <failure type="java.lang.NoClassDefFoundError" message="Com/JarUtils/ReadingPropertiesFile">
      <![CDATA[java.lang.NoClassDefFoundError: Com/JarUtils/ReadingPropertiesFile
at flipkart.Pages.BasePage.setup(BasePage.java:41)
at java.base/java.util.ArrayList.forEach(ArrayList.java:1540)
... Removed 35 stack frames]]>
    </failure>
  </testcase> <!-- @BeforeMethod setup -->
  <testcase classname="flipkart.Pages.BasePage" name="@AfterMethod status" time="0.0">
    <skipped/>
  </testcase> <!-- @AfterMethod status -->
  <testcase classname="flipkart.Pages.BasePage" name="@BeforeMethod setup" time="0.0">
    <failure type="java.lang.NoClassDefFoundError" message="Com/JarUtils/ReadingPropertiesFile">
      <![CDATA[java.lang.NoClassDefFoundError: Com/JarUtils/ReadingPropertiesFile
at flipkart.Pages.BasePage.setup(BasePage.java:41)
at java.base/java.util.ArrayList.forEach(ArrayList.java:1540)
... Removed 35 stack frames]]>
    </failure>
  </testcase> <!-- @BeforeMethod setup -->
  <testcase classname="flipkart.Pages.BasePage" name="@AfterMethod status" time="0.0">
    <skipped/>
  </testcase> <!-- @AfterMethod status -->
  <testcase classname="flipkart.Pages.BasePage" name="@BeforeMethod setup" time="0.001">
    <failure type="java.lang.NoClassDefFoundError" message="Com/JarUtils/ReadingPropertiesFile">
      <![CDATA[java.lang.NoClassDefFoundError: Com/JarUtils/ReadingPropertiesFile
at flipkart.Pages.BasePage.setup(BasePage.java:41)
at java.base/java.util.ArrayList.forEach(ArrayList.java:1540)
... Removed 35 stack frames]]>
    </failure>
  </testcase> <!-- @BeforeMethod setup -->
  <testcase classname="flipkart.Pages.BasePage" name="@AfterMethod status" time="0.0">
    <skipped/>
  </testcase> <!-- @AfterMethod status -->
  <testcase classname="flipkart.Pages.BasePage" name="@BeforeMethod setup" time="0.0">
    <failure type="java.lang.NoClassDefFoundError" message="Com/JarUtils/ReadingPropertiesFile">
      <![CDATA[java.lang.NoClassDefFoundError: Com/JarUtils/ReadingPropertiesFile
at flipkart.Pages.BasePage.setup(BasePage.java:41)
at java.base/java.util.ArrayList.forEach(ArrayList.java:1540)
... Removed 35 stack frames]]>
    </failure>
  </testcase> <!-- @BeforeMethod setup -->
  <testcase classname="flipkart.Pages.BasePage" name="@AfterMethod status" time="0.0">
    <skipped/>
  </testcase> <!-- @AfterMethod status -->
  <testcase classname="flipkart.Pages.BasePage" name="@BeforeMethod setup" time="0.0">
    <skipped/>
  </testcase> <!-- @BeforeMethod setup -->
  <testcase classname="flipkart.Pages.BasePage" name="@AfterMethod status" time="0.0">
    <skipped/>
  </testcase> <!-- @AfterMethod status -->
  <testcase classname="flipkart.Pages.BasePage" name="@BeforeMethod setup" time="0.0">
    <failure type="java.lang.NoClassDefFoundError" message="Com/JarUtils/ReadingPropertiesFile">
      <![CDATA[java.lang.NoClassDefFoundError: Com/JarUtils/ReadingPropertiesFile
at flipkart.Pages.BasePage.setup(BasePage.java:41)
at java.base/java.util.ArrayList.forEach(ArrayList.java:1540)
... Removed 35 stack frames]]>
    </failure>
  </testcase> <!-- @BeforeMethod setup -->
  <testcase classname="flipkart.Pages.BasePage" name="@AfterMethod status" time="0.0">
    <skipped/>
  </testcase> <!-- @AfterMethod status -->
  <testcase classname="flipkart.Pages.BasePage" name="@BeforeMethod setup" time="0.0">
    <skipped/>
  </testcase> <!-- @BeforeMethod setup -->
  <testcase classname="flipkart.Pages.BasePage" name="@AfterMethod status" time="0.0">
    <skipped/>
  </testcase> <!-- @AfterMethod status -->
  <testcase classname="flipkart.Pages.BasePage" name="@BeforeMethod setup" time="0.0">
    <skipped/>
  </testcase> <!-- @BeforeMethod setup -->
  <testcase classname="flipkart.Pages.BasePage" name="@AfterMethod status" time="0.0">
    <skipped/>
  </testcase> <!-- @AfterMethod status -->
  <testcase classname="flipkart.Pages.BasePage" name="@BeforeMethod setup" time="0.001">
    <failure type="java.lang.NoClassDefFoundError" message="Com/JarUtils/ReadingPropertiesFile">
      <![CDATA[java.lang.NoClassDefFoundError: Com/JarUtils/ReadingPropertiesFile
at flipkart.Pages.BasePage.setup(BasePage.java:41)
at java.base/java.util.ArrayList.forEach(ArrayList.java:1540)
... Removed 35 stack frames]]>
    </failure>
  </testcase> <!-- @BeforeMethod setup -->
  <testcase classname="flipkart.Pages.BasePage" name="@AfterMethod status" time="0.0">
    <skipped/>
  </testcase> <!-- @AfterMethod status -->
  <testcase classname="flipkart.TestCases.LoginTest" name="validCredentialsLogin" time="0.0">
    <skipped/>
  </testcase> <!-- validCredentialsLogin -->
  <testcase classname="flipkart.TestCases.LoginTest" name="inValidCredentialsLogin" time="0.0">
    <skipped/>
  </testcase> <!-- inValidCredentialsLogin -->
  <testcase classname="flipkart.TestCases.SignUpTest" name="signUpTestCase" time="0.0">
    <skipped/>
  </testcase> <!-- signUpTestCase -->
  <testcase classname="flipkart.TestCases.SearchProductTest" name="searchProduct" time="0.0">
    <skipped/>
  </testcase> <!-- searchProduct -->
  <testcase classname="flipkart.TestCases.SearchProductTest" name="openProduct" time="0.0">
    <skipped/>
  </testcase> <!-- openProduct -->
  <testcase classname="flipkart.TestCases.SearchProductTest" name="changePincode" time="0.0">
    <skipped/>
  </testcase> <!-- changePincode -->
  <testcase classname="flipkart.TestCases.AddToCartTest" name="addingProductToTheCart" time="0.0">
    <skipped/>
  </testcase> <!-- addingProductToTheCart -->
  <testcase classname="flipkart.TestCases.AddToCartTest" name="removeFromCart" time="0.0">
    <skipped/>
  </testcase> <!-- removeFromCart -->
  <testcase classname="flipkart.TestCases.BecomeSellerTest" name="becomeSeller" time="0.0">
    <skipped/>
  </testcase> <!-- becomeSeller -->
  <testcase classname="flipkart.TestCases.PlaceOrderTest" name="placeOrder" time="0.0">
    <skipped/>
  </testcase> <!-- placeOrder -->
  <testcase classname="flipkart.TestCases.DropdownProductSearchTest" name="dropDownProductSearch" time="0.0">
    <skipped/>
  </testcase> <!-- dropDownProductSearch -->
  <testcase classname="flipkart.TestCases.FilterProductSearchTest" name="filterSearch" time="0.0">
    <skipped/>
  </testcase> <!-- filterSearch -->
  <testcase classname="flipkart.TestCases.customerCareTest" name="testCustomerCareSupport" time="0.0">
    <skipped/>
  </testcase> <!-- testCustomerCareSupport -->
  <testcase classname="flipkart.TestCases.FlipkartPlusTest" name="flipkartPlusTest" time="0.001">
    <skipped/>
  </testcase> <!-- flipkartPlusTest -->
  <testcase classname="flipkart.TestCases.AdvertiseTest" name="testAdvertisement" time="0.0">
    <skipped/>
  </testcase> <!-- testAdvertisement -->
  <testcase classname="flipkart.TestCases.AdvertiseTest" name="testBrand" time="0.0">
    <skipped/>
  </testcase> <!-- testBrand -->
  <testcase classname="flipkart.TestCases.GiftCardTest" name="testGiftCards" time="0.0">
    <skipped/>
  </testcase> <!-- testGiftCards -->
  <testcase classname="flipkart.TestCases.GiftCardTest" name="testBirthdayGiftCards" time="0.001">
    <skipped/>
  </testcase> <!-- testBirthdayGiftCards -->
  <testcase classname="flipkart.TestCases.GiftCardTest" name="testShopByPriceGiftCards" time="0.0">
    <skipped/>
  </testcase> <!-- testShopByPriceGiftCards -->
  <testcase classname="flipkart.TestCases.CareersTest" name="testCareers" time="0.0">
    <skipped/>
  </testcase> <!-- testCareers -->
</testsuite> <!-- Functional -->
