-------------------------------------------------------------------------------
Test set: TestSuite
-------------------------------------------------------------------------------
Tests run: 6, Failures: 1, Errors: 0, Skipped: 5, Time elapsed: 1.257 s <<< FAILURE! - in TestSuite
setup(flipkart.TestCases.LoginTest)  Time elapsed: 1.071 s  <<< FAILURE!
java.lang.NoClassDefFoundError: Com/JarUtils/ReadingPropertiesFile
Caused by: java.lang.ClassNotFoundException: Com.JarUtils.ReadingPropertiesFile

