<?xml version="1.0" encoding="UTF-8"?>
<testsuite xmlns:xsi="http://www.w3.org/2001/XMLSchema-instance" xsi:noNamespaceSchemaLocation="https://maven.apache.org/surefire/maven-surefire-plugin/xsd/surefire-test-report.xsd" name="TestSuite" time="1.477" tests="60" errors="0" skipped="47" failures="13">
  <properties>
[...]
</properties>
  <testcase name="setup" classname="flipkart.TestCases.LoginTest" time="1.121">
    <failure message="Com/JarUtils/ReadingPropertiesFile" type="java.lang.NoClassDefFoundError">java.lang.NoClassDefFoundError: Com/JarUtils/ReadingPropertiesFile
Caused by: java.lang.ClassNotFoundException: Com.JarUtils.ReadingPropertiesFile
</failure>
    <system-err><![CDATA[SLF4J: Failed to load class "org.slf4j.impl.StaticLoggerBinder".
SLF4J: Defaulting to no-operation (NOP) logger implementation
SLF4J: See http://www.slf4j.org/codes.html#StaticLoggerBinder for further details.
]]></system-err>
  </testcase>
  <testcase name="setup" classname="flipkart.TestCases.LoginTest" time="0">
    <skipped/>
  </testcase>
  <testcase name="validCredentialsLogin" classname="flipkart.TestCases.LoginTest" time="0">
    <skipped message="Com/JarUtils/ReadingPropertiesFile"/>
  </testcase>
  <testcase name="status" classname="flipkart.TestCases.LoginTest" time="0">
    <skipped/>
  </testcase>
  <testcase name="status" classname="flipkart.TestCases.LoginTest" time="0">
    <skipped/>
  </testcase>
  <testcase name="inValidCredentialsLogin" classname="flipkart.TestCases.LoginTest" time="0">
    <skipped message="Com/JarUtils/ReadingPropertiesFile"/>
  </testcase>
  <testcase name="setup" classname="flipkart.TestCases.SignUpTest" time="0.002">
    <failure message="Com/JarUtils/ReadingPropertiesFile" type="java.lang.NoClassDefFoundError">java.lang.NoClassDefFoundError: Com/JarUtils/ReadingPropertiesFile
</failure>
  </testcase>
  <testcase name="signUpTestCase" classname="flipkart.TestCases.SignUpTest" time="0">
    <skipped message="Com/JarUtils/ReadingPropertiesFile"/>
  </testcase>
  <testcase name="status" classname="flipkart.TestCases.SignUpTest" time="0">
    <skipped/>
  </testcase>
  <testcase name="setup" classname="flipkart.TestCases.SearchProductTest" time="0.001">
    <failure message="Com/JarUtils/ReadingPropertiesFile" type="java.lang.NoClassDefFoundError">java.lang.NoClassDefFoundError: Com/JarUtils/ReadingPropertiesFile
</failure>
  </testcase>
  <testcase name="setup" classname="flipkart.TestCases.SearchProductTest" time="0">
    <skipped/>
  </testcase>
  <testcase name="setup" classname="flipkart.TestCases.SearchProductTest" time="0">
    <skipped/>
  </testcase>
  <testcase name="searchProduct" classname="flipkart.TestCases.SearchProductTest" time="0">
    <skipped message="Com/JarUtils/ReadingPropertiesFile"/>
  </testcase>
  <testcase name="status" classname="flipkart.TestCases.SearchProductTest" time="0">
    <skipped/>
  </testcase>
  <testcase name="status" classname="flipkart.TestCases.SearchProductTest" time="0">
    <skipped/>
  </testcase>
  <testcase name="status" classname="flipkart.TestCases.SearchProductTest" time="0">
    <skipped/>
  </testcase>
  <testcase name="openProduct" classname="flipkart.TestCases.SearchProductTest" time="0">
    <skipped message="Com/JarUtils/ReadingPropertiesFile"/>
  </testcase>
  <testcase name="changePincode" classname="flipkart.TestCases.SearchProductTest" time="0">
    <skipped message="Com/JarUtils/ReadingPropertiesFile"/>
  </testcase>
  <testcase name="setup" classname="flipkart.TestCases.AddToCartTest" time="0.003">
    <failure message="Com/JarUtils/ReadingPropertiesFile" type="java.lang.NoClassDefFoundError">java.lang.NoClassDefFoundError: Com/JarUtils/ReadingPropertiesFile
</failure>
  </testcase>
  <testcase name="setup" classname="flipkart.TestCases.AddToCartTest" time="0">
    <skipped/>
  </testcase>
  <testcase name="addingProductToTheCart" classname="flipkart.TestCases.AddToCartTest" time="0">
    <skipped message="Com/JarUtils/ReadingPropertiesFile"/>
  </testcase>
  <testcase name="status" classname="flipkart.TestCases.AddToCartTest" time="0">
    <skipped/>
  </testcase>
  <testcase name="status" classname="flipkart.TestCases.AddToCartTest" time="0">
    <skipped/>
  </testcase>
  <testcase name="removeFromCart" classname="flipkart.TestCases.AddToCartTest" time="0">
    <skipped message="Com/JarUtils/ReadingPropertiesFile"/>
  </testcase>
  <testcase name="setup" classname="flipkart.TestCases.BecomeSellerTest" time="0.002">
    <failure message="Com/JarUtils/ReadingPropertiesFile" type="java.lang.NoClassDefFoundError">java.lang.NoClassDefFoundError: Com/JarUtils/ReadingPropertiesFile
</failure>
  </testcase>
  <testcase name="becomeSeller" classname="flipkart.TestCases.BecomeSellerTest" time="0">
    <skipped message="Com/JarUtils/ReadingPropertiesFile"/>
  </testcase>
  <testcase name="status" classname="flipkart.TestCases.BecomeSellerTest" time="0">
    <skipped/>
  </testcase>
  <testcase name="setup" classname="flipkart.TestCases.PlaceOrderTest" time="0.001">
    <failure message="Com/JarUtils/ReadingPropertiesFile" type="java.lang.NoClassDefFoundError">java.lang.NoClassDefFoundError: Com/JarUtils/ReadingPropertiesFile
</failure>
  </testcase>
  <testcase name="placeOrder" classname="flipkart.TestCases.PlaceOrderTest" time="0">
    <skipped message="Com/JarUtils/ReadingPropertiesFile"/>
  </testcase>
  <testcase name="status" classname="flipkart.TestCases.PlaceOrderTest" time="0">
    <skipped/>
  </testcase>
  <testcase name="setup" classname="flipkart.TestCases.DropdownProductSearchTest" time="0.002">
    <failure message="Com/JarUtils/ReadingPropertiesFile" type="java.lang.NoClassDefFoundError">java.lang.NoClassDefFoundError: Com/JarUtils/ReadingPropertiesFile
</failure>
  </testcase>
  <testcase name="dropDownProductSearch" classname="flipkart.TestCases.DropdownProductSearchTest" time="0">
    <skipped message="Com/JarUtils/ReadingPropertiesFile"/>
  </testcase>
  <testcase name="status" classname="flipkart.TestCases.DropdownProductSearchTest" time="0">
    <skipped/>
  </testcase>
  <testcase name="setup" classname="flipkart.TestCases.FilterProductSearchTest" time="0.001">
    <failure message="Com/JarUtils/ReadingPropertiesFile" type="java.lang.NoClassDefFoundError">java.lang.NoClassDefFoundError: Com/JarUtils/ReadingPropertiesFile
</failure>
  </testcase>
  <testcase name="filterSearch" classname="flipkart.TestCases.FilterProductSearchTest" time="0">
    <skipped message="Com/JarUtils/ReadingPropertiesFile"/>
  </testcase>
  <testcase name="status" classname="flipkart.TestCases.FilterProductSearchTest" time="0">
    <skipped/>
  </testcase>
  <testcase name="setup" classname="flipkart.TestCases.customerCareTest" time="0.004">
    <failure message="Com/JarUtils/ReadingPropertiesFile" type="java.lang.NoClassDefFoundError">java.lang.NoClassDefFoundError: Com/JarUtils/ReadingPropertiesFile
</failure>
  </testcase>
  <testcase name="testCustomerCareSupport" classname="flipkart.TestCases.customerCareTest" time="0">
    <skipped message="Com/JarUtils/ReadingPropertiesFile"/>
  </testcase>
  <testcase name="status" classname="flipkart.TestCases.customerCareTest" time="0">
    <skipped/>
  </testcase>
  <testcase name="setup" classname="flipkart.TestCases.FlipkartPlusTest" time="0.002">
    <failure message="Com/JarUtils/ReadingPropertiesFile" type="java.lang.NoClassDefFoundError">java.lang.NoClassDefFoundError: Com/JarUtils/ReadingPropertiesFile
</failure>
  </testcase>
  <testcase name="flipkartPlusTest" classname="flipkart.TestCases.FlipkartPlusTest" time="0">
    <skipped message="Com/JarUtils/ReadingPropertiesFile"/>
  </testcase>
  <testcase name="status" classname="flipkart.TestCases.FlipkartPlusTest" time="0">
    <skipped/>
  </testcase>
  <testcase name="setup" classname="flipkart.TestCases.AdvertiseTest" time="0.002">
    <failure message="Com/JarUtils/ReadingPropertiesFile" type="java.lang.NoClassDefFoundError">java.lang.NoClassDefFoundError: Com/JarUtils/ReadingPropertiesFile
</failure>
  </testcase>
  <testcase name="setup" classname="flipkart.TestCases.AdvertiseTest" time="0">
    <skipped/>
  </testcase>
  <testcase name="testAdvertisement" classname="flipkart.TestCases.AdvertiseTest" time="0">
    <skipped message="Com/JarUtils/ReadingPropertiesFile"/>
  </testcase>
  <testcase name="status" classname="flipkart.TestCases.AdvertiseTest" time="0">
    <skipped/>
  </testcase>
  <testcase name="status" classname="flipkart.TestCases.AdvertiseTest" time="0">
    <skipped/>
  </testcase>
  <testcase name="testBrand" classname="flipkart.TestCases.AdvertiseTest" time="0">
    <skipped message="Com/JarUtils/ReadingPropertiesFile"/>
  </testcase>
  <testcase name="setup" classname="flipkart.TestCases.GiftCardTest" time="0.005">
    <failure message="Com/JarUtils/ReadingPropertiesFile" type="java.lang.NoClassDefFoundError">java.lang.NoClassDefFoundError: Com/JarUtils/ReadingPropertiesFile
</failure>
  </testcase>
  <testcase name="setup" classname="flipkart.TestCases.GiftCardTest" time="0">
    <skipped/>
  </testcase>
  <testcase name="setup" classname="flipkart.TestCases.GiftCardTest" time="0">
    <skipped/>
  </testcase>
  <testcase name="testGiftCards" classname="flipkart.TestCases.GiftCardTest" time="0">
    <skipped message="Com/JarUtils/ReadingPropertiesFile"/>
  </testcase>
  <testcase name="status" classname="flipkart.TestCases.GiftCardTest" time="0">
    <skipped/>
  </testcase>
  <testcase name="status" classname="flipkart.TestCases.GiftCardTest" time="0">
    <skipped/>
  </testcase>
  <testcase name="status" classname="flipkart.TestCases.GiftCardTest" time="0">
    <skipped/>
  </testcase>
  <testcase name="testBirthdayGiftCards" classname="flipkart.TestCases.GiftCardTest" time="0">
    <skipped message="Com/JarUtils/ReadingPropertiesFile"/>
  </testcase>
  <testcase name="testShopByPriceGiftCards" classname="flipkart.TestCases.GiftCardTest" time="0">
    <skipped message="Com/JarUtils/ReadingPropertiesFile"/>
  </testcase>
  <testcase name="setup" classname="flipkart.TestCases.CareersTest" time="0.002">
    <failure message="Com/JarUtils/ReadingPropertiesFile" type="java.lang.NoClassDefFoundError">java.lang.NoClassDefFoundError: Com/JarUtils/ReadingPropertiesFile
</failure>
  </testcase>
  <testcase name="testCareers" classname="flipkart.TestCases.CareersTest" time="0">
    <skipped message="Com/JarUtils/ReadingPropertiesFile"/>
  </testcase>
  <testcase name="status" classname="flipkart.TestCases.CareersTest" time="0">
    <skipped/>
  </testcase>
</testsuite>