<?xml version="1.0" encoding="UTF-8"?>
<!-- Generated by org.testng.reporters.JUnitXMLReporter -->
<testsuite ignored="0" hostname="IN-PG02P5XG" failures="0" tests="2" name="Functional" time="0.053" errors="0" timestamp="2023-01-07T19:47:36 IST">
  <testcase classname="flipkart.Pages.BasePage" name="@BeforeMethod setup" time="0.008">
    <failure type="java.lang.AssertionError" message="No browser type sent">
      <![CDATA[java.lang.AssertionError: No browser type sent
at org.junit.Assert.fail(Assert.java:88)
at org.junit.Assert.assertTrue(Assert.java:41)
at flipkart.Pages.BasePage.setup(BasePage.java:85)
at java.base/java.util.ArrayList.forEach(ArrayList.java:1540)
... Removed 31 stack frames]]>
    </failure>
  </testcase> <!-- @BeforeMethod setup -->
  <testcase classname="flipkart.Pages.BasePage" name="@AfterMethod status" time="0.0">
    <skipped/>
  </testcase> <!-- @AfterMethod status -->
  <testcase classname="flipkart.Pages.BasePage" name="@BeforeMethod setup" time="0.0">
    <skipped/>
  </testcase> <!-- @BeforeMethod setup -->
  <testcase classname="flipkart.Pages.BasePage" name="@AfterMethod status" time="0.0">
    <skipped/>
  </testcase> <!-- @AfterMethod status -->
  <testcase classname="flipkart.TestCases.LoginTest" name="validCredentialsLogin" time="0.001">
    <skipped/>
  </testcase> <!-- validCredentialsLogin -->
  <testcase classname="flipkart.TestCases.LoginTest" name="inValidCredentialsLogin" time="0.0">
    <skipped/>
  </testcase> <!-- inValidCredentialsLogin -->
</testsuite> <!-- Functional -->
